TN:
SF:C:\YOC\Webpack-Typescript-starter\src\test.ts
FN:8,(anonymous_0)
FNF:1
FNH:1
FNDA:1,(anonymous_0)
DA:8,1
DA:11,1
DA:13,1
DA:15,1
LF:4
LH:4
BRF:0
BRH:0
end_of_record
TN:
SF:C:\YOC\Webpack-Typescript-starter\src\app\ads-state.ts
FN:1,(anonymous_0)
FNF:1
FNH:1
FNDA:1,(anonymous_0)
DA:1,1
DA:2,1
DA:3,1
DA:4,1
DA:5,1
DA:6,1
DA:7,1
DA:8,1
LF:8
LH:8
BRDA:1,0,0,1
BRDA:1,0,1,1
BRF:2
BRH:2
end_of_record
TN:
SF:C:\YOC\Webpack-Typescript-starter\src\app\ads-video-handler.ts
FN:5,(anonymous_0)
FN:39,AdsVideoHandler
FN:53,(anonymous_2)
FN:72,(anonymous_3)
FN:80,(anonymous_4)
FN:95,(anonymous_5)
FN:113,(anonymous_6)
FN:117,(anonymous_7)
FN:124,(anonymous_8)
FN:139,(anonymous_9)
FN:160,(anonymous_10)
FN:169,(anonymous_11)
FN:170,(anonymous_12)
FN:179,(anonymous_13)
FNF:14
FNH:10
FNDA:1,(anonymous_0)
FNDA:20,AdsVideoHandler
FNDA:20,(anonymous_2)
FNDA:5,(anonymous_3)
FNDA:1,(anonymous_4)
FNDA:0,(anonymous_5)
FNDA:0,(anonymous_6)
FNDA:0,(anonymous_7)
FNDA:0,(anonymous_8)
FNDA:6,(anonymous_9)
FNDA:2,(anonymous_10)
FNDA:1,(anonymous_11)
FNDA:1,(anonymous_12)
FNDA:1,(anonymous_13)
DA:5,1
DA:39,40
DA:40,20
DA:41,20
DA:42,0
DA:44,20
DA:53,1
DA:55,20
DA:56,20
DA:58,20
DA:59,20
DA:60,20
DA:62,20
DA:63,20
DA:72,5
DA:73,5
DA:76,2
DA:80,1
DA:81,1
DA:84,1
DA:87,1
DA:90,1
DA:93,1
DA:97,0
DA:102,3
DA:104,2
DA:105,2
DA:108,2
DA:111,4
DA:113,1
DA:114,0
DA:117,1
DA:118,0
DA:124,1
DA:125,0
DA:126,0
DA:129,0
DA:130,0
DA:139,1
DA:140,6
DA:142,2
DA:143,2
DA:144,2
DA:146,2
DA:147,2
DA:148,2
DA:150,2
DA:151,2
DA:152,2
DA:160,1
DA:161,2
DA:162,2
DA:169,1
DA:170,1
DA:171,1
DA:179,1
DA:180,1
DA:182,1
LF:58
LH:50
BRDA:39,0,0,20
BRDA:39,0,1,0
BRDA:41,1,0,0
BRDA:41,1,1,20
BRDA:73,2,0,2
BRDA:73,2,1,3
BRDA:76,3,0,1
BRDA:76,3,1,1
BRDA:76,4,0,2
BRDA:76,4,1,2
BRDA:102,5,0,2
BRDA:102,5,1,1
BRDA:125,6,0,0
BRDA:125,6,1,0
BRDA:141,7,0,2
BRDA:141,7,1,2
BRDA:141,7,2,2
BRDA:141,8,0,6
BRDA:141,8,1,2
BRDA:141,8,2,2
BRDA:145,9,0,4
BRDA:145,9,1,2
BRDA:145,9,2,2
BRDA:149,10,0,2
BRDA:149,10,1,2
BRDA:149,10,2,2
BRF:26
BRH:22
end_of_record
TN:
SF:C:\YOC\Webpack-Typescript-starter\src\app\config.ts
FNF:0
FNH:0
DA:7,1
LF:1
LH:1
BRF:0
BRH:0
end_of_record
TN:
SF:C:\YOC\Webpack-Typescript-starter\src\app\helper.ts
FN:15,(anonymous_0)
FN:35,(anonymous_1)
FN:58,(anonymous_2)
FN:87,(anonymous_3)
FNF:4
FNH:3
FNDA:2,(anonymous_0)
FNDA:4,(anonymous_1)
FNDA:4,(anonymous_2)
FNDA:0,(anonymous_3)
DA:15,4
DA:16,2
DA:17,2
DA:18,2
DA:19,2
DA:20,2
DA:21,2
DA:24,2
DA:25,2
DA:26,2
DA:28,2
DA:35,1
DA:36,4
DA:37,2
DA:39,2
DA:40,2
DA:41,0
DA:44,2
DA:45,2
DA:46,2
DA:49,0
DA:50,0
DA:58,1
DA:59,4
DA:60,2
DA:62,2
DA:63,2
DA:64,0
DA:66,2
DA:67,2
DA:68,2
DA:71,0
DA:72,0
DA:87,1
DA:88,0
DA:92,0
DA:93,0
DA:96,0
LF:38
LH:28
BRDA:15,0,0,2
BRDA:15,0,1,0
BRDA:36,1,0,2
BRDA:36,1,1,2
BRDA:40,2,0,0
BRDA:40,2,1,2
BRDA:44,3,0,0
BRDA:44,3,1,2
BRDA:45,4,0,2
BRDA:45,4,1,0
BRDA:49,5,0,0
BRDA:49,5,1,0
BRDA:59,6,0,2
BRDA:59,6,1,2
BRDA:63,7,0,0
BRDA:63,7,1,2
BRDA:66,8,0,0
BRDA:66,8,1,2
BRDA:67,9,0,2
BRDA:67,9,1,0
BRDA:71,10,0,0
BRDA:71,10,1,0
BRDA:92,11,0,0
BRDA:92,11,1,0
BRF:24
BRH:11
end_of_record
TN:
SF:C:\YOC\Webpack-Typescript-starter\src\app\unit-tests\ads-video-handler\ads-visiblity-changing-handler.spec.ts
FN:5,(anonymous_0)
FN:8,(anonymous_1)
FN:15,(anonymous_2)
FN:18,(anonymous_3)
FN:22,(anonymous_4)
FN:28,(anonymous_5)
FN:32,(anonymous_6)
FN:40,(anonymous_7)
FN:47,(anonymous_8)
FN:60,(anonymous_9)
FN:64,(anonymous_10)
FN:74,(anonymous_11)
FN:77,(anonymous_12)
FN:83,(anonymous_13)
FN:87,(anonymous_14)
FN:96,(anonymous_15)
FN:100,(anonymous_16)
FNF:17
FNH:17
FNDA:1,(anonymous_0)
FNDA:5,(anonymous_1)
FNDA:1,(anonymous_2)
FNDA:5,(anonymous_3)
FNDA:1,(anonymous_4)
FNDA:1,(anonymous_5)
FNDA:2,(anonymous_6)
FNDA:1,(anonymous_7)
FNDA:1,(anonymous_8)
FNDA:1,(anonymous_9)
FNDA:1,(anonymous_10)
FNDA:1,(anonymous_11)
FNDA:2,(anonymous_12)
FNDA:1,(anonymous_13)
FNDA:1,(anonymous_14)
FNDA:1,(anonymous_15)
FNDA:1,(anonymous_16)
DA:3,1
DA:5,1
DA:8,1
DA:10,5
DA:11,5
DA:12,5
DA:15,1
DA:18,1
DA:19,5
DA:22,1
DA:23,1
DA:24,1
DA:25,1
DA:28,1
DA:32,1
DA:33,2
DA:35,2
DA:37,2
DA:40,1
DA:42,1
DA:43,1
DA:44,1
DA:46,1
DA:48,1
DA:49,1
DA:50,1
DA:51,1
DA:52,1
DA:55,1
DA:56,1
DA:60,1
DA:62,1
DA:63,1
DA:65,1
DA:66,1
DA:67,1
DA:70,1
DA:74,1
DA:77,1
DA:78,2
DA:80,2
DA:83,1
DA:84,1
DA:86,1
DA:88,1
DA:89,1
DA:90,1
DA:91,1
DA:93,1
DA:96,1
DA:97,1
DA:99,1
DA:101,1
DA:102,1
DA:103,1
DA:104,1
DA:107,1
LF:57
LH:57
BRF:0
BRH:0
end_of_record
TN:
SF:C:\YOC\Webpack-Typescript-starter\src\app\unit-tests\ads-video-handler\check-time-progress-percentage-changes.spec.ts
FN:6,(anonymous_0)
FN:9,(anonymous_1)
FN:16,(anonymous_2)
FN:18,(anonymous_3)
FN:22,(anonymous_4)
FN:24,(anonymous_5)
FN:30,(anonymous_6)
FN:37,(anonymous_7)
FN:39,(anonymous_8)
FN:45,(anonymous_9)
FN:52,(anonymous_10)
FN:54,(anonymous_11)
FN:60,(anonymous_12)
FNF:13
FNH:13
FNDA:1,(anonymous_0)
FNDA:6,(anonymous_1)
FNDA:1,(anonymous_2)
FNDA:6,(anonymous_3)
FNDA:1,(anonymous_4)
FNDA:1,(anonymous_5)
FNDA:1,(anonymous_6)
FNDA:1,(anonymous_7)
FNDA:1,(anonymous_8)
FNDA:1,(anonymous_9)
FNDA:1,(anonymous_10)
FNDA:1,(anonymous_11)
FNDA:1,(anonymous_12)
DA:4,1
DA:6,1
DA:9,1
DA:11,6
DA:12,6
DA:13,6
DA:16,1
DA:18,1
DA:19,6
DA:22,1
DA:23,1
DA:24,1
DA:25,1
DA:26,1
DA:27,1
DA:30,1
DA:31,1
DA:32,1
DA:33,1
DA:37,1
DA:38,1
DA:39,1
DA:40,1
DA:41,1
DA:42,1
DA:45,1
DA:46,1
DA:47,1
DA:48,1
DA:52,1
DA:53,1
DA:54,1
DA:55,1
DA:56,1
DA:57,1
DA:60,1
DA:61,1
DA:62,1
DA:63,1
LF:39
LH:39
BRF:0
BRH:0
end_of_record
TN:
SF:C:\YOC\Webpack-Typescript-starter\src\app\unit-tests\ads-video-handler\continues-playing-time-monator.spec.ts
FN:6,(anonymous_0)
FN:8,(anonymous_1)
FN:14,(anonymous_2)
FN:16,(anonymous_3)
FN:22,(anonymous_4)
FN:26,(anonymous_5)
FNF:6
FNH:6
FNDA:1,(anonymous_0)
FNDA:1,(anonymous_1)
FNDA:1,(anonymous_2)
FNDA:1,(anonymous_3)
FNDA:1,(anonymous_4)
FNDA:1,(anonymous_5)
DA:4,1
DA:6,1
DA:8,1
DA:9,1
DA:10,1
DA:11,1
DA:14,1
DA:16,1
DA:18,1
DA:19,1
DA:22,1
DA:23,1
DA:26,1
DA:27,1
DA:28,1
DA:30,1
DA:31,1
DA:32,1
LF:18
LH:18
BRF:0
BRH:0
end_of_record
TN:
SF:C:\YOC\Webpack-Typescript-starter\src\app\unit-tests\ads-video-handler\init.spec.ts
FN:6,(anonymous_0)
FN:8,(anonymous_1)
FN:14,(anonymous_2)
FN:17,(anonymous_3)
FN:23,(anonymous_4)
FN:27,(anonymous_5)
FN:31,(anonymous_6)
FN:35,(anonymous_7)
FN:39,(anonymous_8)
FN:43,(anonymous_9)
FNF:10
FNH:10
FNDA:1,(anonymous_0)
FNDA:6,(anonymous_1)
FNDA:1,(anonymous_2)
FNDA:6,(anonymous_3)
FNDA:1,(anonymous_4)
FNDA:1,(anonymous_5)
FNDA:1,(anonymous_6)
FNDA:1,(anonymous_7)
FNDA:1,(anonymous_8)
FNDA:1,(anonymous_9)
DA:4,1
DA:6,1
DA:8,1
DA:9,6
DA:10,6
DA:11,6
DA:14,1
DA:17,1
DA:19,6
DA:20,6
DA:23,1
DA:24,1
DA:27,1
DA:28,1
DA:31,1
DA:32,1
DA:35,1
DA:36,1
DA:39,1
DA:40,1
DA:43,1
DA:44,1
LF:22
LH:22
BRF:0
BRH:0
end_of_record
TN:
SF:C:\YOC\Webpack-Typescript-starter\src\app\unit-tests\ads-video-handler\is-element-visible.spec.ts
FN:5,(anonymous_0)
FN:8,(anonymous_1)
FN:22,(anonymous_2)
FN:32,(anonymous_3)
FNF:4
FNH:4
FNDA:1,(anonymous_0)
FNDA:2,(anonymous_1)
FNDA:1,(anonymous_2)
FNDA:1,(anonymous_3)
DA:3,1
DA:5,1
DA:8,1
DA:9,2
DA:11,2
DA:12,2
DA:13,2
DA:14,2
DA:16,2
DA:17,2
DA:19,2
DA:22,1
DA:24,1
DA:25,1
DA:27,1
DA:28,1
DA:32,1
DA:34,1
DA:35,1
DA:36,1
DA:38,1
DA:39,1
LF:22
LH:22
BRF:0
BRH:0
end_of_record
TN:
SF:C:\YOC\Webpack-Typescript-starter\src\app\unit-tests\ads-video-handler\onended-event-handler.spec.ts
FN:6,(anonymous_0)
FN:9,(anonymous_1)
FN:15,(anonymous_2)
FN:17,(anonymous_3)
FN:21,(anonymous_4)
FN:27,(anonymous_5)
FNF:6
FNH:6
FNDA:1,(anonymous_0)
FNDA:2,(anonymous_1)
FNDA:1,(anonymous_2)
FNDA:2,(anonymous_3)
FNDA:1,(anonymous_4)
FNDA:1,(anonymous_5)
DA:4,1
DA:6,1
DA:9,1
DA:10,2
DA:11,2
DA:12,2
DA:15,1
DA:17,1
DA:18,2
DA:21,1
DA:22,1
DA:23,1
DA:24,1
DA:27,1
DA:28,1
DA:29,1
DA:30,1
LF:17
LH:17
BRF:0
BRH:0
end_of_record
